<?xml version="1.0" encoding="UTF-8"?>
<testng-results ignored="0" total="1" passed="1" failed="0" skipped="0">
  <reporter-output>
  </reporter-output>
  <suite started-at="2024-09-07T11:17:41 IST" name="Failed suite [Grouping Suite]" finished-at="2024-09-07T11:18:02 IST" duration-ms="21179">
    <groups>
      <group name="Master">
        <method signature="TC002_LoginTest.verifyLogin()[pri:0, instance:testCases.TC002_LoginTest@3546d80f]" name="verifyLogin" class="testCases.TC002_LoginTest"/>
      </group> <!-- Master -->
      <group name="Sanity">
        <method signature="TC002_LoginTest.verifyLogin()[pri:0, instance:testCases.TC002_LoginTest@3546d80f]" name="verifyLogin" class="testCases.TC002_LoginTest"/>
      </group> <!-- Sanity -->
    </groups>
    <test started-at="2024-09-07T11:17:41 IST" name="Test(failed)" finished-at="2024-09-07T11:18:02 IST" duration-ms="21179">
      <class name="testCases.TC002_LoginTest">
        <test-method is-config="true" signature="setup(java.lang.String,java.lang.String)[pri:0, instance:testCases.TC002_LoginTest@3546d80f]" started-at="2024-09-07T11:17:41 IST" name="setup" finished-at="2024-09-07T11:17:53 IST" duration-ms="12315" status="PASS">
          <params>
            <param index="0">
              <value>
                <![CDATA[Windows]]>
              </value>
            </param>
            <param index="1">
              <value>
                <![CDATA[chrome]]>
              </value>
            </param>
          </params>
          <reporter-output>
          </reporter-output>
        </test-method> <!-- setup -->
        <test-method signature="verifyLogin()[pri:0, instance:testCases.TC002_LoginTest@3546d80f]" started-at="2024-09-07T11:17:53 IST" name="verifyLogin" finished-at="2024-09-07T11:18:02 IST" duration-ms="8423" status="PASS">
          <reporter-output>
          </reporter-output>
        </test-method> <!-- verifyLogin -->
        <test-method is-config="true" signature="tearDown()[pri:0, instance:testCases.TC002_LoginTest@3546d80f]" started-at="2024-09-07T11:18:02 IST" name="tearDown" finished-at="2024-09-07T11:18:02 IST" duration-ms="104" status="PASS">
          <reporter-output>
          </reporter-output>
        </test-method> <!-- tearDown -->
      </class> <!-- testCases.TC002_LoginTest -->
    </test> <!-- Test(failed) -->
  </suite> <!-- Failed suite [Grouping Suite] -->
</testng-results>
